c:\users\jheed\source\repos\hyperged\hyperged\x64\debug\vc142.pdb
c:\users\jheed\source\repos\hyperged\hyperged\x64\debug\utils.obj
c:\users\jheed\source\repos\hyperged\hyperged\x64\debug\logging.obj
c:\users\jheed\source\repos\hyperged\hyperged\x64\debug\hyperged.obj
c:\users\jheed\source\repos\hyperged\x64\debug\hyperged.sys
c:\users\jheed\source\repos\hyperged\x64\debug\hyperged.pdb
c:\users\jheed\source\repos\hyperged\hyperged\x64\debug\x64.obj
c:\users\jheed\source\repos\hyperged\x64\debug\hyperged.cer
c:\users\jheed\source\repos\hyperged\hyperged\x64\debug\hyperged.tlog\cl.command.1.tlog
c:\users\jheed\source\repos\hyperged\hyperged\x64\debug\hyperged.tlog\cl.read.1.tlog
c:\users\jheed\source\repos\hyperged\hyperged\x64\debug\hyperged.tlog\cl.write.1.tlog
c:\users\jheed\source\repos\hyperged\hyperged\x64\debug\hyperged.tlog\link.command.1.tlog
c:\users\jheed\source\repos\hyperged\hyperged\x64\debug\hyperged.tlog\link.read.1.tlog
c:\users\jheed\source\repos\hyperged\hyperged\x64\debug\hyperged.tlog\link.write.1.tlog
c:\users\jheed\source\repos\hyperged\hyperged\x64\debug\hyperged.tlog\masm.read.1u.tlog
c:\users\jheed\source\repos\hyperged\hyperged\x64\debug\hyperged.tlog\masm.write.1u.tlog
c:\users\jheed\source\repos\hyperged\hyperged\x64\debug\hyperged.tlog\signtool.command.1.tlog
c:\users\jheed\source\repos\hyperged\hyperged\x64\debug\hyperged.tlog\signtool.read.1.tlog
c:\users\jheed\source\repos\hyperged\hyperged\x64\debug\hyperged.tlog\signtool.timestamp.1.tlog
c:\users\jheed\source\repos\hyperged\hyperged\x64\debug\hyperged.tlog\signtool.write.1.tlog
